<?xml version="1.0" encoding="UTF-8"?>
<robot generator="Robot 3.2.2 (Python 3.6.1 on win32)" generated="20200929 14:39:28.190" rpa="false">
<suite id="s1" name="Demo1" source="E:\programfiles\pycharm\rfTest\apiTest\demo1.robot">
<test id="s1-t1" name="Package Post">
<kw name="Create Dictionary" library="BuiltIn">
<doc>Creates and returns a dictionary based on the given ``items``.</doc>
<arguments>
<arg>request_date=2020-9-29</arg>
<arg>_=1601345910725</arg>
</arguments>
<assign>
<var>${data}</var>
</assign>
<msg timestamp="20200929 14:39:29.912" level="INFO">${data} = {'request_date': '2020-9-29', '_': '1601345910725'}</msg>
<status status="PASS" starttime="20200929 14:39:29.911" endtime="20200929 14:39:29.913"></status>
</kw>
<kw name="Create Dictionary" library="BuiltIn">
<doc>Creates and returns a dictionary based on the given ``items``.</doc>
<arguments>
<arg>Referer=https://www.91wangcai.com/?reportData</arg>
<arg>User-Agent=Mozilla/5.0 (Windows NT 6.3; Win64; x64) AppleWebKit/537.36 (KHTML, like Gecko) Chrome/84.0.4147.105 Safari/537.36</arg>
<arg>Cookie=_ga=GA1.2.264899618.1557404415; __jsluid_h=b7cdfaf3fcbcc2f60fa7e29fe60cf27b; __jsluid_s=5a8545e87898aac2f8bf7e716134dbeb; BUID=wKgA7F9jMnUWjTpFAwRuAg==; JSESSIONID=D666918A98205EA64D83149FB4E2108D; Hm_lvt_a5e066626801308aabc261e863bc5ff2=1600336844,1601345799; _gid=GA1.2.913176871.1601345799; VISIT_SOURCE=pc; VISIT_APP_NAME=wangcai; name=EX; _gat=1; Hm_lvt_8db064996a75a4788e09f230eb46ca82=1601345907; Hm_lpvt_8db064996a75a4788e09f230eb46ca82=1601345907; Hm_lpvt_a5e066626801308aabc261e863bc5ff2=1601345907</arg>
</arguments>
<assign>
<var>${headers}</var>
</assign>
<msg timestamp="20200929 14:39:29.914" level="INFO">${headers} = {'Referer': 'https://www.91wangcai.com/?reportData', 'User-Agent': 'Mozilla/5.0 (Windows NT 6.3; Win64; x64) AppleWebKit/537.36 (KHTML, like Gecko) Chrome/84.0.4147.105 Safari/537.36', 'Cookie': '_ga=...</msg>
<status status="PASS" starttime="20200929 14:39:29.913" endtime="20200929 14:39:29.914"></status>
</kw>
<kw name="POST req">
<arguments>
<arg>${data}</arg>
<arg>${headers}</arg>
</arguments>
<assign>
<var>${resp}</var>
</assign>
<kw name="Create Session" library="RequestsLibrary">
<doc>Create Session: create a HTTP session to a server</doc>
<arguments>
<arg>api</arg>
<arg>${host}</arg>
<arg>${header}</arg>
</arguments>
<msg timestamp="20200929 14:39:29.916" level="INFO">Creating Session using : alias=api, url=https://www.91wangcai.com, headers={'Referer': 'https://www.91wangcai.com/?reportData', 'User-Agent': 'Mozilla/5.0 (Windows NT 6.3; Win64; x64) AppleWebKit/537.36 (KHTML, like Gecko) Chrome/84.0.4147.105 Safari/537.36', 'Cookie': '_ga=GA1.2.264899618.1557404415; __jsluid_h=b7cdfaf3fcbcc2f60fa7e29fe60cf27b; __jsluid_s=5a8545e87898aac2f8bf7e716134dbeb; BUID=wKgA7F9jMnUWjTpFAwRuAg==; JSESSIONID=D666918A98205EA64D83149FB4E2108D; Hm_lvt_a5e066626801308aabc261e863bc5ff2=1600336844,1601345799; _gid=GA1.2.913176871.1601345799; VISIT_SOURCE=pc; VISIT_APP_NAME=wangcai; name=EX; _gat=1; Hm_lvt_8db064996a75a4788e09f230eb46ca82=1601345907; Hm_lpvt_8db064996a75a4788e09f230eb46ca82=1601345907; Hm_lpvt_a5e066626801308aabc261e863bc5ff2=1601345907'},                     cookies={}, auth=None, timeout=None, proxies=None, verify=False,                     debug=0 </msg>
<status status="PASS" starttime="20200929 14:39:29.915" endtime="20200929 14:39:29.916"></status>
</kw>
<kw name="Get Request" library="RequestsLibrary">
<doc>Send a GET request on the session object found using the
given `alias`</doc>
<arguments>
<arg>api</arg>
<arg>/operate_report</arg>
<arg>params=${data}</arg>
</arguments>
<assign>
<var>${response}</var>
</assign>
<msg timestamp="20200929 14:39:30.591" level="INFO">GET Request : url=https://www.91wangcai.com/operate_report?request_date=2020-9-29&amp;_=1601345910725 
 path_url=/operate_report?request_date=2020-9-29&amp;_=1601345910725 
 headers={'User-Agent': 'Mozilla/5.0 (Windows NT 6.3; Win64; x64) AppleWebKit/537.36 (KHTML, like Gecko) Chrome/84.0.4147.105 Safari/537.36', 'Accept-Encoding': 'gzip, deflate', 'Accept': '*/*', 'Connection': 'keep-alive', 'Referer': 'https://www.91wangcai.com/?reportData', 'Cookie': '_ga=GA1.2.264899618.1557404415; __jsluid_h=b7cdfaf3fcbcc2f60fa7e29fe60cf27b; __jsluid_s=5a8545e87898aac2f8bf7e716134dbeb; BUID=wKgA7F9jMnUWjTpFAwRuAg==; JSESSIONID=D666918A98205EA64D83149FB4E2108D; Hm_lvt_a5e066626801308aabc261e863bc5ff2=1600336844,1601345799; _gid=GA1.2.913176871.1601345799; VISIT_SOURCE=pc; VISIT_APP_NAME=wangcai; name=EX; _gat=1; Hm_lvt_8db064996a75a4788e09f230eb46ca82=1601345907; Hm_lpvt_8db064996a75a4788e09f230eb46ca82=1601345907; Hm_lpvt_a5e066626801308aabc261e863bc5ff2=1601345907'} 
 body=None 
 </msg>
<msg timestamp="20200929 14:39:30.592" level="INFO">GET Response : url=https://www.91wangcai.com/operate_report?request_date=2020-9-29&amp;_=1601345910725 
 status=200, reason=OK 
 body={"status":200,"message":"请求成功","data":{"data_pandect":{"operate_day_stop":"2020-09-28","tender_avg":"854784.50","transaction_number":97712,"wait_repay_count":10697,"transaction_amount":"56683324335.23","wait_interest_amount":"45879566.21","earn_profit":"635315690.63","wait_repay_amount":"1341998680.55","operate_days":2386},"borrow_data":{"borrow_avg":1153788.56,"compensatoryCount":1248,"max_financing_scale":"0.07","topFinancing_scale":"0.74","compensatoryAmount":"62946764.01","borrow_count_avg":580106.07,"overdue_borrow_data":{"overdue_scale":"0.0000","overdueRedeemCount":0,"month":9,"tender_sum":56683524335.22,"overdueCountScale":"0.0000","year":2020,"product_sum":97713,"overdue_redeem_count":0,"overdue_redeem_amount":0.00,"day":29,"overdueRedeemAmount":0.0,"quarter":3}},"manage_data":{"vulgar_tycoon_data":{"province":"北京","sex":"男","age":"42","account":"5313961.87"},"version_android":"V6.2.4","report_url":"https://ui.91jinrong.com/202081598927153675.html","ios_img":"https://ui.91jinrong.com/apk/prd//tmp/73b9a5de-8fa5-4978-9eab-574ac64b86ce.png","moneybags_contact_picture":"https://ui.91jinrong.com/apk/prd//tmp/81e8d064-1408-4aae-b4ce-d9da81862ea4.jpg;https://ui.91jinrong.com/apk/prd//tmp/68f9fc54-d1a9-4726-b402-8d288b6bb213.jpg;https://ui.91jinrong.com/apk/prd//tmp/f9f5b27c-6677-4ad6-bed3-53b44a79974b.jpg;https://ui.91jinrong.com/apk/prd//tmp/3c0762d8-260d-493c-a82a-127a143c8ba3.jpg","big_event":"5113,5105,5097,5102,5110,5088","years":2020,"iteration_num":54,"android_img":"https://ui.91jinrong.com/apk/prd//tmp/9f92eb24-a84d-492b-81b4-333b1257551a.png","gifts_num":5790,"id":44,"reception_wechat_num":363,"report_img":"https://ui.91jinrong.com/apk/prd//tmp/68422d7d-4f22-419d-bab1-6cfab3be80fd.jpg","clever_data":{"earnings":"96105.76","province":"北京","sex":"男","age":"42"},"reception_qq_num":17,"moneybags_contact_num":122,"receive_opinion_num":100,"diligence_data":{"times":"42","province":"北京","sex":"男","age":"50"},"months":8,"solve_problem_num":1529,"big_event_list":[{"publish":"2020-07-31","name":"《经济日报》报道91科技集团许泽玮：总书记在企业家座谈会上的重要讲话是我们的“强心剂”","id":5088},{"publish":"2020-08-04","name":"《人民日报》报道91科技集团许泽玮建议：对路边“僵尸车”及时处置","id":5097},{"publish":"2020-08-12","name":"《北京日报》、北京卫视《北京新闻》报道91科技集团许泽玮随同北京市人大常委会主任李伟调研北京互联网法院知识产权审判工作","id":5102},{"publish":"2020-08-17","name":"91科技集团半年会｜乘风破浪潮头立·扬帆起航创辉煌","id":5105},{"publish":"2020-08-24","name":"91科技集团许泽玮随同北京市人大常委会副主任侯君舒一行到北京市检察院专题调研履行检察职能维护食品药品安全工作","id":5110},{"publish":"2020-08-27","name":"91科技集团许泽玮随同共青团北京市委副书记李健一行到访清华科技园","id":5113}],"big_event_count":6,"version_ios":"V6.2.4","cultivate_num":1,"reception_tel_num":1149},"user_date":{"register_user_distribute":{"all_count":380581,"sixty":17243,"other":208844.0,"woman":79821,"fifty":6654,"seventy":34745,"ninety":48098,"eighty":64997,"man":300760.0},"investment_user_distribute":{"all_count":66313,"sixty":8721,"other":1469.0,"woman":33549,"fifty":4023,"seventy":13836,"ninety":11870,"eighty":26394,"man":32764.0},"product_distribute":[{"name":"30天以内","value":696},{"name":"31-60天","value":697},{"name":"61-180天","value":167},{"name":"180-360天","value":261},{"name":"360天以上","value":207}]},"regional_distribute":{"top_city_scale":[{"cityScale":58.61,"name":"北京","value":"25935166020.29"},{"cityScale":5.36,"name":"上海","value":"2369775496.24"},{"cityScale":3.99,"name":"江苏","value":"1766242195.33"},{"cityScale":3.97,"name":"广东","value":"1757414905.49"},{"cityScale":3.12,"name":"山东","value":"1381406786.46"},{"cityScale":2.55,"name":"河北","value":"1126275042.08"},{"cityScale":2.33,"name":"浙江","value":"1032938690.38"},{"cityScale":1.89,"name":"天津","value":"838435896.61"},{"cityScale":1.83,"name":"河南","value":"808912832.18"},{"cityScale":1.66,"name":"福建","value":"733561580.19"}],"all_city_count":[{"cityScale":58.61,"name":"北京","value":"25935166020.29"},{"cityScale":5.36,"name":"上海","value":"2369775496.24"},{"cityScale":3.99,"name":"江苏","value":"1766242195.33"},{"cityScale":3.97,"name":"广东","value":"1757414905.49"},{"cityScale":3.12,"name":"山东","value":"1381406786.46"},{"cityScale":2.55,"name":"河北","value":"1126275042.08"},{"cityScale":2.33,"name":"浙江","value":"1032938690.38"},{"cityScale":1.89,"name":"天津","value":"838435896.61"},{"cityScale":1.83,"name":"河南","value":"808912832.18"},{"cityScale":1.66,"name":"福建","value":"733561580.19"},{"cityScale":1.62,"name":"湖北","value":"716708328.27"},{"cityScale":1.61,"name":"山西","value":"713245158.59"},{"cityScale":1.42,"name":"辽宁","value":"629857274.54"},{"cityScale":1.37,"name":"黑龙江","value":"606277102.57"},{"cityScale":1.24,"name":"陕西","value":"550277916.19"},{"cityScale":0.95,"name":"四川","value":"421687408.98"},{"cityScale":0.93,"name":"安徽","value":"413574123.71"},{"cityScale":0.76,"name":"湖南","value":"335113651.35"},{"cityScale":0.72,"name":"重庆","value":"318289518.67"},{"cityScale":0.65,"name":"江西","value":"287663449.65"},{"cityScale":0.65,"name":"甘肃","value":"286265727.90"},{"cityScale":0.57,"name":"吉林","value":"251471667.44"},{"cityScale":0.47,"name":"云南","value":"208558325.15"},{"cityScale":0.41,"name":"广西","value":"183128153.97"},{"cityScale":0.36,"name":"新疆","value":"160237201.52"},{"cityScale":0.33,"name":"内蒙古","value":"148130903.63"},{"cityScale":0.2,"name":"宁夏","value":"89075477.51"},{"cityScale":0.15,"name":"贵州","value":"67794481.93"},{"cityScale":0.11,"name":"青海","value":"48208085.54"},{"cityScale":0.11,"name":"海南","value":"47753248.47"},{"cityScale":0.04,"name":"西藏","value":"18984525.47"},{"cityScale":0.0,"name":"台湾","value":"0.00"},{"cityScale":0.0,"name":"南海诸岛","value":"0.00"}]},"operate_report_list":{"2019":[{"years":2019,"months":12,"report_url":"https://ui.91jinrong.com/2019121577937143675.html","report_img":"https://ui.91jinrong.com/apk/prd//tmp/eeb69f0d-0525-42ab-8fe4-4b66d6210c65.jpg"},{"years":2019,"months":11,"report_url":"https://ui.91jinrong.com/2019111575267007222.html","report_img":"https://ui.91jinrong.com/apk/prd//tmp/2373f145-ac2e-4b42-a001-54615518a708.jpg"},{"years":2019,"months":10,"report_url":"https://ui.91jinrong.com/2019101572574932406.html","report_img":"https://ui.91jinrong.com/apk/prd//tmp/790baa2f-db92-4929-a5a3-23f5e26a0696.jpg"},{"years":2019,"months":9,"report_url":"https://ui.91jinrong.com/201991570502873093.html","report_img":"https://ui.91jinrong.com/apk/prd//tmp/3056d234-b264-4a84-8fea-787745295a27.jpg"},{"years":2019,"months":8,"report_url":"https://ui.91jinrong.com/201981568193648002.html","report_img":"https://ui.91jinrong.com/apk/prd//tmp/2564bc62-f4e7-4390-a00d-5c05fa5c6dcb.jpg"},{"years":2019,"months":7,"report_url":"https://ui.91jinrong.com/201971564709838329.html","report_img":"https://ui.91jinrong.com/apk/prd//tmp/ce60b6bf-2a09-4b69-8aea-00ca6785f0ed.jpg"},{"years":2019,"months":6,"report_url":"https://ui.91jinrong.com/201961561963372395.html","report_img":"https://ui.91jinrong.com/apk/prd//tmp/4027edab-706a-4905-bb61-3f88127eedc7.jpg"},{"years":2019,"months":5,"report_url":"https://ui.91jinrong.com/201951559542139095.html","report_img":"https://ui.91jinrong.com/apk/prd//tmp/b0a32944-3c85-4cfb-96f4-6158ebb5ea8d.jpg"},{"years":2019,"months":4,"report_url":"https://ui.91jinrong.com/201941557047283716.html","report_img":"https://ui.91jinrong.com/apk/prd//tmp/08b1e692-f506-4bb5-94df-24840992fc35.jpg"},{"years":2019,"months":3,"report_url":"https://ui.91jinrong.com/201931554124585890.html","report_img":"https://ui.91jinrong.com/apk/prd//tmp/26c6a017-f727-447f-b2b1-1b8e90c5c13d.jpg"},{"years":2019,"months":2,"report_url":"https://ui.91jinrong.com/201921587366997023.html","report_img":"https://ui.91jinrong.com/apk/prd//tmp/48e8f23b-b753-41a1-8329-28c78cc58369.jpg"},{"years":2019,"months":1,"report_url":"https://ui.91jinrong.com/201911587366990888.html","report_img":"https://ui.91jinrong.com/apk/prd//tmp/9a9a2223-da08-4253-ba96-03c0c871cc06.jpg"}],"2018":[{"years":2018,"months":12,"report_url":"https://ui.91jinrong.com/2018121546410185927.html","report_img":"https://ui.91jinrong.com/apk/prd//tmp/bc5e84c6-a2d2-45eb-8f61-c6ac8477ee59.jpg"},{"years":2018,"months":11,"report_url":"https://ui.91jinrong.com/2018111543835578862.html","report_img":"https://ui.91jinrong.com/apk/prd//tmp/eecb9206-2294-44c7-ad2e-a14cec587282.jpg"},{"years":2018,"months":10,"report_url":"https://ui.91jinrong.com/2018101541055196839.html","report_img":"https://ui.91jinrong.com/apk/prd//tmp/3dcbe08b-1023-4ee1-bd6a-d5d59868520b.jpg"},{"years":2018,"months":9,"report_url":"https://ui.91jinrong.com/201891538994683750.html","report_img":"https://ui.91jinrong.com/apk/prd//tmp/d3b6c76e-5e03-4636-8aca-8eda639d4fa0.jpg"},{"years":2018,"months":8,"report_url":"https://ui.91jinrong.com/201881537241072818.html","report_img":"https://ui.91jinrong.com/apk/prd//tmp/22e4441a-8096-49a3-a4ee-fd9c09c7c460.jpg"},{"years":2018,"months":7,"report_url":"https://ui.91jinrong.com/201871536197710018.html","report_img":"https://ui.91jinrong.com/apk/prd//tmp/abbb0210-9b09-4cd3-8295-a864255b2cca.jpg"},{"years":2018,"months":6,"report_url":"https://ui.91jinrong.com/201861536197740318.html","report_img":"https://ui.91jinrong.com/apk/prd//tmp/a9f127c3-305e-41de-8ab0-cd5583a73b22.jpg"},{"years":2018,"months":5,"report_url":"https://ui.91jinrong.com/201851536197759809.html","report_img":"https://ui.91jinrong.com/apk/prd//tmp/0b269ee2-8ef6-4c56-9289-1928a0fcb3c4.jpg"},{"years":2018,"months":4,"report_url":"https://ui.91jinrong.com/201841536197791916.html","report_img":"https://ui.91jinrong.com/apk/prd//tmp/3de665fb-8bf6-4a42-9bf3-e23050c5769f.jpg"},{"years":2018,"months":3,"report_url":"https://ui.91jinrong.com/201831536197811040.html","report_img":"https://ui.91jinrong.com/apk/prd//tmp/d1d2f5e9-f1cd-4bbd-98f4-3808ab5dbec3.jpg"},{"years":2018,"months":2,"report_url":"https://ui.91jinrong.com/201821521473666927.html","report_img":"https://ui.91jinrong.com/apk/prd//tmp/f96096b8-95f7-4443-a82f-a4a033e8fac0.jpg"},{"years":2018,"months":1,"report_url":"https://ui.91jinrong.com/201811521473691514.html","report_img":"https://ui.91jinrong.com/apk/prd//tmp/682f5513-a39b-4385-b18f-0b039d781ce5.jpg"}],"2017":[{"years":2017,"mon... (set the log level to DEBUG or TRACE to see the full content) 
 </msg>
<msg timestamp="20200929 14:39:30.594" level="INFO">e:\programfiles\python\python36\lib\site-packages\urllib3\connectionpool.py:851: InsecureRequestWarning: Unverified HTTPS request is being made. Adding certificate verification is strongly advised. See: https://urllib3.readthedocs.io/en/latest/advanced-usage.html#ssl-warnings
  InsecureRequestWarning)</msg>
<msg timestamp="20200929 14:39:30.599" level="INFO">${response} = &lt;Response [200]&gt;</msg>
<status status="PASS" starttime="20200929 14:39:29.916" endtime="20200929 14:39:30.599"></status>
</kw>
<kw name="Should Be Equal As Integers" library="BuiltIn">
<doc>Fails if objects are unequal after converting them to integers.</doc>
<arguments>
<arg>${response.status_code}</arg>
<arg>200</arg>
</arguments>
<msg timestamp="20200929 14:39:30.602" level="INFO">Argument types are:
&lt;class 'int'&gt;
&lt;type 'unicode'&gt;</msg>
<status status="PASS" starttime="20200929 14:39:30.600" endtime="20200929 14:39:30.602"></status>
</kw>
<kw name="To Json" library="RequestsLibrary">
<doc>Convert a string to a JSON object</doc>
<arguments>
<arg>${response.content}</arg>
</arguments>
<assign>
<var>${resp}</var>
</assign>
<msg timestamp="20200929 14:39:30.604" level="INFO">To JSON using : content={"status":200,"message":"请求成功","data":{"data_pandect":{"operate_day_stop":"2020-09-28","tender_avg":"854784.50","transaction_number":97712,"wait_repay_count":10697,"transaction_amount":"56683324335.23","wait_interest_amount":"45879566.21","earn_profit":"635315690.63","wait_repay_amount":"1341998680.55","operate_days":2386},"borrow_data":{"borrow_avg":1153788.56,"compensatoryCount":1248,"max_financing_scale":"0.07","topFinancing_scale":"0.74","compensatoryAmount":"62946764.01","borrow_count_avg":580106.07,"overdue_borrow_data":{"overdue_scale":"0.0000","overdueRedeemCount":0,"month":9,"tender_sum":56683524335.22,"overdueCountScale":"0.0000","year":2020,"product_sum":97713,"overdue_redeem_count":0,"overdue_redeem_amount":0.00,"day":29,"overdueRedeemAmount":0.0,"quarter":3}},"manage_data":{"vulgar_tycoon_data":{"province":"北京","sex":"男","age":"42","account":"5313961.87"},"version_android":"V6.2.4","report_url":"https://ui.91jinrong.com/202081598927153675.html","ios_img":"https://ui.91jinrong.com/apk/prd//tmp/73b9a5de-8fa5-4978-9eab-574ac64b86ce.png","moneybags_contact_picture":"https://ui.91jinrong.com/apk/prd//tmp/81e8d064-1408-4aae-b4ce-d9da81862ea4.jpg;https://ui.91jinrong.com/apk/prd//tmp/68f9fc54-d1a9-4726-b402-8d288b6bb213.jpg;https://ui.91jinrong.com/apk/prd//tmp/f9f5b27c-6677-4ad6-bed3-53b44a79974b.jpg;https://ui.91jinrong.com/apk/prd//tmp/3c0762d8-260d-493c-a82a-127a143c8ba3.jpg","big_event":"5113,5105,5097,5102,5110,5088","years":2020,"iteration_num":54,"android_img":"https://ui.91jinrong.com/apk/prd//tmp/9f92eb24-a84d-492b-81b4-333b1257551a.png","gifts_num":5790,"id":44,"reception_wechat_num":363,"report_img":"https://ui.91jinrong.com/apk/prd//tmp/68422d7d-4f22-419d-bab1-6cfab3be80fd.jpg","clever_data":{"earnings":"96105.76","province":"北京","sex":"男","age":"42"},"reception_qq_num":17,"moneybags_contact_num":122,"receive_opinion_num":100,"diligence_data":{"times":"42","province":"北京","sex":"男","age":"50"},"months":8,"solve_problem_num":1529,"big_event_list":[{"publish":"2020-07-31","name":"《经济日报》报道91科技集团许泽玮：总书记在企业家座谈会上的重要讲话是我们的“强心剂”","id":5088},{"publish":"2020-08-04","name":"《人民日报》报道91科技集团许泽玮建议：对路边“僵尸车”及时处置","id":5097},{"publish":"2020-08-12","name":"《北京日报》、北京卫视《北京新闻》报道91科技集团许泽玮随同北京市人大常委会主任李伟调研北京互联网法院知识产权审判工作","id":5102},{"publish":"2020-08-17","name":"91科技集团半年会｜乘风破浪潮头立·扬帆起航创辉煌","id":5105},{"publish":"2020-08-24","name":"91科技集团许泽玮随同北京市人大常委会副主任侯君舒一行到北京市检察院专题调研履行检察职能维护食品药品安全工作","id":5110},{"publish":"2020-08-27","name":"91科技集团许泽玮随同共青团北京市委副书记李健一行到访清华科技园","id":5113}],"big_event_count":6,"version_ios":"V6.2.4","cultivate_num":1,"reception_tel_num":1149},"user_date":{"register_user_distribute":{"all_count":380581,"sixty":17243,"other":208844.0,"woman":79821,"fifty":6654,"seventy":34745,"ninety":48098,"eighty":64997,"man":300760.0},"investment_user_distribute":{"all_count":66313,"sixty":8721,"other":1469.0,"woman":33549,"fifty":4023,"seventy":13836,"ninety":11870,"eighty":26394,"man":32764.0},"product_distribute":[{"name":"30天以内","value":696},{"name":"31-60天","value":697},{"name":"61-180天","value":167},{"name":"180-360天","value":261},{"name":"360天以上","value":207}]},"regional_distribute":{"top_city_scale":[{"cityScale":58.61,"name":"北京","value":"25935166020.29"},{"cityScale":5.36,"name":"上海","value":"2369775496.24"},{"cityScale":3.99,"name":"江苏","value":"1766242195.33"},{"cityScale":3.97,"name":"广东","value":"1757414905.49"},{"cityScale":3.12,"name":"山东","value":"1381406786.46"},{"cityScale":2.55,"name":"河北","value":"1126275042.08"},{"cityScale":2.33,"name":"浙江","value":"1032938690.38"},{"cityScale":1.89,"name":"天津","value":"838435896.61"},{"cityScale":1.83,"name":"河南","value":"808912832.18"},{"cityScale":1.66,"name":"福建","value":"733561580.19"}],"all_city_count":[{"cityScale":58.61,"name":"北京","value":"25935166020.29"},{"cityScale":5.36,"name":"上海","value":"2369775496.24"},{"cityScale":3.99,"name":"江苏","value":"1766242195.33"},{"cityScale":3.97,"name":"广东","value":"1757414905.49"},{"cityScale":3.12,"name":"山东","value":"1381406786.46"},{"cityScale":2.55,"name":"河北","value":"1126275042.08"},{"cityScale":2.33,"name":"浙江","value":"1032938690.38"},{"cityScale":1.89,"name":"天津","value":"838435896.61"},{"cityScale":1.83,"name":"河南","value":"808912832.18"},{"cityScale":1.66,"name":"福建","value":"733561580.19"},{"cityScale":1.62,"name":"湖北","value":"716708328.27"},{"cityScale":1.61,"name":"山西","value":"713245158.59"},{"cityScale":1.42,"name":"辽宁","value":"629857274.54"},{"cityScale":1.37,"name":"黑龙江","value":"606277102.57"},{"cityScale":1.24,"name":"陕西","value":"550277916.19"},{"cityScale":0.95,"name":"四川","value":"421687408.98"},{"cityScale":0.93,"name":"安徽","value":"413574123.71"},{"cityScale":0.76,"name":"湖南","value":"335113651.35"},{"cityScale":0.72,"name":"重庆","value":"318289518.67"},{"cityScale":0.65,"name":"江西","value":"287663449.65"},{"cityScale":0.65,"name":"甘肃","value":"286265727.90"},{"cityScale":0.57,"name":"吉林","value":"251471667.44"},{"cityScale":0.47,"name":"云南","value":"208558325.15"},{"cityScale":0.41,"name":"广西","value":"183128153.97"},{"cityScale":0.36,"name":"新疆","value":"160237201.52"},{"cityScale":0.33,"name":"内蒙古","value":"148130903.63"},{"cityScale":0.2,"name":"宁夏","value":"89075477.51"},{"cityScale":0.15,"name":"贵州","value":"67794481.93"},{"cityScale":0.11,"name":"青海","value":"48208085.54"},{"cityScale":0.11,"name":"海南","value":"47753248.47"},{"cityScale":0.04,"name":"西藏","value":"18984525.47"},{"cityScale":0.0,"name":"台湾","value":"0.00"},{"cityScale":0.0,"name":"南海诸岛","value":"0.00"}]},"operate_report_list":{"2019":[{"years":2019,"months":12,"report_url":"https://ui.91jinrong.com/2019121577937143675.html","report_img":"https://ui.91jinrong.com/apk/prd//tmp/eeb69f0d-0525-42ab-8fe4-4b66d6210c65.jpg"},{"years":2019,"months":11,"report_url":"https://ui.91jinrong.com/2019111575267007222.html","report_img":"https://ui.91jinrong.com/apk/prd//tmp/2373f145-ac2e-4b42-a001-54615518a708.jpg"},{"years":2019,"months":10,"report_url":"https://ui.91jinrong.com/2019101572574932406.html","report_img":"https://ui.91jinrong.com/apk/prd//tmp/790baa2f-db92-4929-a5a3-23f5e26a0696.jpg"},{"years":2019,"months":9,"report_url":"https://ui.91jinrong.com/201991570502873093.html","report_img":"https://ui.91jinrong.com/apk/prd//tmp/3056d234-b264-4a84-8fea-787745295a27.jpg"},{"years":2019,"months":8,"report_url":"https://ui.91jinrong.com/201981568193648002.html","report_img":"https://ui.91jinrong.com/apk/prd//tmp/2564bc62-f4e7-4390-a00d-5c05fa5c6dcb.jpg"},{"years":2019,"months":7,"report_url":"https://ui.91jinrong.com/201971564709838329.html","report_img":"https://ui.91jinrong.com/apk/prd//tmp/ce60b6bf-2a09-4b69-8aea-00ca6785f0ed.jpg"},{"years":2019,"months":6,"report_url":"https://ui.91jinrong.com/201961561963372395.html","report_img":"https://ui.91jinrong.com/apk/prd//tmp/4027edab-706a-4905-bb61-3f88127eedc7.jpg"},{"years":2019,"months":5,"report_url":"https://ui.91jinrong.com/201951559542139095.html","report_img":"https://ui.91jinrong.com/apk/prd//tmp/b0a32944-3c85-4cfb-96f4-6158ebb5ea8d.jpg"},{"years":2019,"months":4,"report_url":"https://ui.91jinrong.com/201941557047283716.html","report_img":"https://ui.91jinrong.com/apk/prd//tmp/08b1e692-f506-4bb5-94df-24840992fc35.jpg"},{"years":2019,"months":3,"report_url":"https://ui.91jinrong.com/201931554124585890.html","report_img":"https://ui.91jinrong.com/apk/prd//tmp/26c6a017-f727-447f-b2b1-1b8e90c5c13d.jpg"},{"years":2019,"months":2,"report_url":"https://ui.91jinrong.com/201921587366997023.html","report_img":"https://ui.91jinrong.com/apk/prd//tmp/48e8f23b-b753-41a1-8329-28c78cc58369.jpg"},{"years":2019,"months":1,"report_url":"https://ui.91jinrong.com/201911587366990888.html","report_img":"https://ui.91jinrong.com/apk/prd//tmp/9a9a2223-da08-4253-ba96-03c0c871cc06.jpg"}],"2018":[{"years":2018,"months":12,"report_url":"https://ui.91jinrong.com/2018121546410185927.html","report_img":"https://ui.91jinrong.com/apk/prd//tmp/bc5e84c6-a2d2-45eb-8f61-c6ac8477ee59.jpg"},{"years":2018,"months":11,"report_url":"https://ui.91jinrong.com/2018111543835578862.html","report_img":"https://ui.91jinrong.com/apk/prd//tmp/eecb9206-2294-44c7-ad2e-a14cec587282.jpg"},{"years":2018,"months":10,"report_url":"https://ui.91jinrong.com/2018101541055196839.html","report_img":"https://ui.91jinrong.com/apk/prd//tmp/3dcbe08b-1023-4ee1-bd6a-d5d59868520b.jpg"},{"years":2018,"months":9,"report_url":"https://ui.91jinrong.com/201891538994683750.html","report_img":"https://ui.91jinrong.com/apk/prd//tmp/d3b6c76e-5e03-4636-8aca-8eda639d4fa0.jpg"},{"years":2018,"months":8,"report_url":"https://ui.91jinrong.com/201881537241072818.html","report_img":"https://ui.91jinrong.com/apk/prd//tmp/22e4441a-8096-49a3-a4ee-fd9c09c7c460.jpg"},{"years":2018,"months":7,"report_url":"https://ui.91jinrong.com/201871536197710018.html","report_img":"https://ui.91jinrong.com/apk/prd//tmp/abbb0210-9b09-4cd3-8295-a864255b2cca.jpg"},{"years":2018,"months":6,"report_url":"https://ui.91jinrong.com/201861536197740318.html","report_img":"https://ui.91jinrong.com/apk/prd//tmp/a9f127c3-305e-41de-8ab0-cd5583a73b22.jpg"},{"years":2018,"months":5,"report_url":"https://ui.91jinrong.com/201851536197759809.html","report_img":"https://ui.91jinrong.com/apk/prd//tmp/0b269ee2-8ef6-4c56-9289-1928a0fcb3c4.jpg"},{"years":2018,"months":4,"report_url":"https://ui.91jinrong.com/201841536197791916.html","report_img":"https://ui.91jinrong.com/apk/prd//tmp/3de665fb-8bf6-4a42-9bf3-e23050c5769f.jpg"},{"years":2018,"months":3,"report_url":"https://ui.91jinrong.com/201831536197811040.html","report_img":"https://ui.91jinrong.com/apk/prd//tmp/d1d2f5e9-f1cd-4bbd-98f4-3808ab5dbec3.jpg"},{"years":2018,"months":2,"report_url":"https://ui.91jinrong.com/201821521473666927.html","report_img":"https://ui.91jinrong.com/apk/prd//tmp/f96096b8-95f7-4443-a82f-a4a033e8fac0.jpg"},{"years":2018,"months":1,"report_url":"https://ui.91jinrong.com/201811521473691514.html","report_img":"https://ui.91jinrong.com/apk/prd//tmp/682f5513-a39b-4385-b18f-0b039d781ce5.jpg"}],"2017":[{"years":2017,"months":12,"report_url":"https://ui.91jinrong.com/2017121521473708278.html","report_img":"https://ui.91jinrong.com/apk/prd//tmp/1e891bf4-15cc-4e4d-bc25-638309465dd9.jpg"},{"years":2017,"months":11,"report_url":"https://ui.91jinrong.com/2017111521473729678.html","report_img":"https://ui.91jinrong.com/apk/prd//tmp/d836e75d-ac95-4c7b-89c2-ba766539e747.jpg"},{"years":2017,"months":10,"report_url":"https://ui.91jinrong.com/2017101521473752483.html","report_img":"https://ui.91jinrong.com/apk/prd//tmp/d3bc9355-b68c-4130-bf69-116e2d5785da.jpg"},{"years":2017,"months":9,"report_url":"https://ui.91jinrong.com/201791521473771755.html","report_img":"https://ui.91jinrong.com/apk/prd//tmp/9d9a91fd-ce06-4e0a-beb9-f2815ab63c93.jpg"},{"years":2017,"months":8,"report_url":"https://ui.91jinrong.com/201781521473786355.html","report_img":"https://ui.91jinrong.com/apk/prd//tmp/19ab8444-fb15-41e9-88dc-887aab6e865f.jpg"},{"years":2017,"months":7,"report_url":"https://ui.91jinrong.com/201771521473801221.html","report_img":"https://ui.91jinrong.com/apk/prd//tmp/f34740f3-c318-4856-a107-cc0858ede340.jpg"},{"years":2017,"months":6,"report_url":"https://ui.91jinrong.com/201761521473815157.html","report_img":"https://ui.91jinrong.com/apk/prd//tmp/1099fb5d-6dc5-4ba5-bca6-7ca0fc3894de.jpg"},{"years":2017,"months":5,"report_url":"https://ui.91jinrong.com/201751521473829810.html","report_img":"https://ui.91jinrong.com/apk/prd//tmp/da176d00-e983-4c67-88c5-6e4db4288a30.jpg"}],"2020":[{"years":2020,"months":8,"report_url":"https://ui.91jinrong.com/202081598927153675.html","report_img":"https://ui.91jinrong.com/apk/prd//tmp/68422d7d-4f22-419d-bab1-6cfab3be80fd.jpg"},{"years":2020,"months":7,"report_url":"https://ui.91jinrong.com/202071596425706170.html","report_img":"https://ui.91jinrong.com/apk/prd//tmp/1f94ad57-1266-41bf-a91c-83e2f61b007f.jpg"},{"years":2020,"months":6,"report_url":"https://ui.91jinrong.com/202061593568538018.html","report_img":"https://ui.91jinrong.com/apk/prd//tmp/d7e0b487-ec5a-4a36-81b2-f52311a67213.jpg"},{"years":2020,"months":5,"report_url":"https://ui.91jinrong.com/202051591493725584.html","report_img":"https://ui.91jinrong.com/apk/prd//tmp/38a2dbed-1c5c-47ba-9bf5-8ece6968a4a5.jpg"},{"years":2020,"months":4,"report_url":"https://ui.91jinrong.com/202041588752098529.html","report_img":"https://ui.91jinrong.com/apk/prd//tmp/c37cf72d-81b8-40d9-8aa5-07b9592f0cf0.jpg"},{"years":2020,"months":3,"report_url":"https://ui.91jinrong.com/202031585722593986.html","report_img":"https://ui.91jinrong.com/apk/prd//tmp/8fb426c0-554b-4cdb-9a4c-339f75253c2c.jpg"},{"years":2020,"months":2,"report_url":"https://ui.91jinrong.com/202021583117495794.html","report_img":"https://ui.91jinrong.com/apk/prd//tmp/6280371c-ca30-4d89-a346-df4226aa0673.jpg"},{"years":2020,"months":1,"report_url":"https://ui.91jinrong.com/202011580718996682.html","report_img":"https://ui.91jinrong.com/apk/prd//tmp/9364aad1-cde2-451a-919b-bc8a5d01d71e.jpg"}]},"currentDate":"2020-09-28","month_transaction":{"tendingCount":9157,"register_number":380581,"loaningCount":10677,"monthly_transaction":{"2019-10":"1138922104.70","2019-11":"1162055585.40","2019-12":"1268014966.32","2020-01":"1095676951.30","2020-02":"836008633.88","2020-03":"1358377262.29","2020-04":"1455031846.02","2020-05":"1262615270.00","2020-06":"1376504965.20","2020-07":"1404994335.00","2020-08":"1301909029.00","2020-09":"1085667504.00"},"investment_number":66313,"financing_number":49128}},"page":null} </msg>
<msg timestamp="20200929 14:39:30.606" level="INFO">To JSON using : pretty_print=False </msg>
<msg timestamp="20200929 14:39:30.612" level="INFO">${resp} = {'status': 200, 'message': '请求成功', 'data': {'data_pandect': {'operate_day_stop': '2020-09-28', 'tender_avg': '854784.50', 'transaction_number': 97712, 'wait_repay_count': 10697, 'transaction_amount': ...</msg>
<status status="PASS" starttime="20200929 14:39:30.602" endtime="20200929 14:39:30.612"></status>
</kw>
<msg timestamp="20200929 14:39:30.616" level="INFO">${resp} = {'status': 200, 'message': '请求成功', 'data': {'data_pandect': {'operate_day_stop': '2020-09-28', 'tender_avg': '854784.50', 'transaction_number': 97712, 'wait_repay_count': 10697, 'transaction_amount': ...</msg>
<status status="PASS" starttime="20200929 14:39:29.914" endtime="20200929 14:39:30.616"></status>
</kw>
<tags>
<tag>packaged req</tag>
</tags>
<status status="PASS" starttime="20200929 14:39:29.910" endtime="20200929 14:39:30.617" critical="yes"></status>
</test>
<doc>http请求</doc>
<status status="PASS" starttime="20200929 14:39:28.194" endtime="20200929 14:39:30.624"></status>
</suite>
<statistics>
<total>
<stat pass="1" fail="0">Critical Tests</stat>
<stat pass="1" fail="0">All Tests</stat>
</total>
<tag>
<stat pass="1" fail="0">packaged req</stat>
</tag>
<suite>
<stat pass="1" fail="0" id="s1" name="Demo1">Demo1</stat>
</suite>
</statistics>
<errors>
</errors>
</robot>
