<?xml version="1.0" encoding="UTF-8"?>
<robot generator="Robot 3.2.2 (Python 3.6.1 on win32)" generated="20200928 17:40:56.476" rpa="false">
<suite id="s1" name="Com" source="E:\programfiles\pycharm\rfTest\com">
<suite id="s1-s1" name="Xiaomi" source="E:\programfiles\pycharm\rfTest\com\xiaomi.robot">
<test id="s1-s1-t1" name="搜索功能测试">
<kw name="Open Browser" library="SeleniumLibrary">
<doc>Opens a new browser instance to the optional ``url``.</doc>
<arguments>
<arg>https://www.mi.com/</arg>
<arg>chrome</arg>
</arguments>
<msg timestamp="20200928 17:40:58.581" level="INFO">Opening browser 'chrome' to base url 'https://www.mi.com/'.</msg>
<status status="PASS" starttime="20200928 17:40:58.581" endtime="20200928 17:41:10.421"></status>
</kw>
<kw name="Set Selenium Implicit Wait" library="SeleniumLibrary">
<doc>Sets the implicit wait value used by Selenium.</doc>
<arguments>
<arg>10</arg>
</arguments>
<status status="PASS" starttime="20200928 17:41:10.422" endtime="20200928 17:41:10.425"></status>
</kw>
<kw name="Input Text" library="SeleniumLibrary">
<doc>Types the given ``text`` into the text field identified by ``locator``.</doc>
<arguments>
<arg>id=search</arg>
<arg>小米10\n</arg>
</arguments>
<msg timestamp="20200928 17:41:10.426" level="INFO">Typing text '小米10
' into text field 'id=search'.</msg>
<status status="PASS" starttime="20200928 17:41:10.426" endtime="20200928 17:41:13.271"></status>
</kw>
<kw name="Get Text" library="SeleniumLibrary">
<doc>Returns the text value of the element identified by ``locator``.</doc>
<arguments>
<arg>css=.goods-list-box</arg>
</arguments>
<assign>
<var>${res}</var>
</assign>
<msg timestamp="20200928 17:41:13.545" level="INFO">${res} = 小米10至尊纪念版 陶瓷黑
5299元 起
小米10
3799元 起 3999元 起
小米10 青春版 5G
1899元 起 2099元 起
小米10 Pro
4999元 起
小米10/小米10 Pro 轻薄极简保护壳
49元
小米 10/小米10 Pro镜面视窗保护套 星空黑
69元
小米10 至尊纪念版 皮革保护壳 热力橙
69元
小米10青春版 透明炫彩保护壳 蓝色
49元
小米10 至尊纪...</msg>
<status status="PASS" starttime="20200928 17:41:13.276" endtime="20200928 17:41:13.545"></status>
</kw>
<kw name="Should Contain" library="BuiltIn">
<doc>Fails if ``container`` does not contain ``item`` one or more times.</doc>
<arguments>
<arg>${res}</arg>
<arg>小米10</arg>
</arguments>
<status status="PASS" starttime="20200928 17:41:13.545" endtime="20200928 17:41:13.546"></status>
</kw>
<kw name="Close Browser" library="SeleniumLibrary">
<doc>Closes the current browser.</doc>
<status status="PASS" starttime="20200928 17:41:13.546" endtime="20200928 17:41:16.924"></status>
</kw>
<status status="PASS" starttime="20200928 17:40:58.579" endtime="20200928 17:41:16.925" critical="yes"></status>
</test>
<status status="PASS" starttime="20200928 17:40:56.515" endtime="20200928 17:41:16.940"></status>
</suite>
<status status="PASS" starttime="20200928 17:40:56.480" endtime="20200928 17:41:16.954"></status>
</suite>
<statistics>
<total>
<stat pass="1" fail="0">Critical Tests</stat>
<stat pass="1" fail="0">All Tests</stat>
</total>
<tag>
</tag>
<suite>
<stat pass="1" fail="0" id="s1" name="Com">Com</stat>
<stat pass="1" fail="0" id="s1-s1" name="Xiaomi">Com.Xiaomi</stat>
</suite>
</statistics>
<errors>
</errors>
</robot>
